[{"line":1,"elements":[{"line":3,"name":"","description":"","type":"background","keyword":"Background","steps":[{"result":{"duration":19355000000,"status":"passed"},"line":4,"name":"Navigate to CampusTechnoStudy","match":{"location":"StepDefinitions.LoginSteps.navigateToCampusTechnoStudy()"},"keyword":"Given "}]},{"start_timestamp":"2022-10-02T15:26:29.254Z","before":[{"result":{"duration":1000000,"status":"passed"},"match":{"location":"StepDefinitions.Hooks.before()"}}],"line":30,"name":"Login Failure with invalid username or password","description":"","id":"login-functionality;login-failure-with-invalid-username-or-password;;2","after":[{"result":{"duration":6292000000,"status":"passed"},"match":{"location":"StepDefinitions.Hooks.after(io.cucumber.java.Scenario)"}}],"type":"scenario","keyword":"Scenario Outline","steps":[{"result":{"duration":2172000000,"status":"passed"},"line":18,"name":"User sends username and password","match":{"location":"StepDefinitions.DataTableSteps.userSendsUsernameAndPassword(io.cucumber.datatable.DataTable)"},"rows":[{"cells":["username","hsy@yahoo.com"]},{"cells":["password","Hy338"]}],"keyword":"When "},{"result":{"error_message":"org.openqa.selenium.ElementClickInterceptedException: Element <button class=\"consent-give\"> is not clickable at point (1198,591) because another element <div> obscures it\nBuild info: version: '4.3.0', revision: 'a4995e2c09*'\nSystem info: host: 'computers-MBP.modem.local', ip: '192.168.1.187', os.name: 'Mac OS X', os.arch: 'x86_64', os.version: '10.15.7', java.version: '1.8.0_331'\nDriver info: org.openqa.selenium.firefox.FirefoxDriver\nCommand: [0b5a1318-0cad-47d8-a2c8-ca8533ae5557, clickElement {id=a0246e77-4bf5-4c6f-b424-6d4a6f18493f}]\nCapabilities {acceptInsecureCerts: true, browserName: firefox, browserVersion: 104.0.2, moz:accessibilityChecks: false, moz:buildID: 20220902153754, moz:debuggerAddress: localhost:52336, moz:geckodriverVersion: 0.31.0, moz:headless: false, moz:platformVersion: 19.6.0, moz:processID: 6391, moz:profile: /var/folders/bw/vgwt5f2n3sx..., moz:shutdownTimeout: 60000, moz:useNonSpecCompliantPointerOrigin: false, moz:webdriverClick: true, moz:windowless: false, pageLoadStrategy: normal, platformName: MAC, proxy: Proxy(), se:cdp: ws://localhost:52336/devtoo..., se:cdpVersion: 85.0, setWindowRect: true, strictFileInteractability: false, timeouts: {implicit: 0, pageLoad: 300000, script: 30000}, unhandledPromptBehavior: dismiss and notify}\nElement: [[FirefoxDriver: firefox on MAC (0b5a1318-0cad-47d8-a2c8-ca8533ae5557)] -> xpath: //button[text()='Accept all cookies']]\nSession ID: 0b5a1318-0cad-47d8-a2c8-ca8533ae5557\n\tat sun.reflect.NativeConstructorAccessorImpl.newInstance0(Native Method)\n\tat sun.reflect.NativeConstructorAccessorImpl.newInstance(NativeConstructorAccessorImpl.java:62)\n\tat sun.reflect.DelegatingConstructorAccessorImpl.newInstance(DelegatingConstructorAccessorImpl.java:45)\n\tat java.lang.reflect.Constructor.newInstance(Constructor.java:423)\n\tat org.openqa.selenium.remote.codec.w3c.W3CHttpResponseCodec.createException(W3CHttpResponseCodec.java:200)\n\tat org.openqa.selenium.remote.codec.w3c.W3CHttpResponseCodec.decode(W3CHttpResponseCodec.java:133)\n\tat org.openqa.selenium.remote.codec.w3c.W3CHttpResponseCodec.decode(W3CHttpResponseCodec.java:53)\n\tat org.openqa.selenium.remote.HttpCommandExecutor.execute(HttpCommandExecutor.java:184)\n\tat org.openqa.selenium.remote.service.DriverCommandExecutor.invokeExecute(DriverCommandExecutor.java:167)\n\tat org.openqa.selenium.remote.service.DriverCommandExecutor.execute(DriverCommandExecutor.java:142)\n\tat org.openqa.selenium.remote.RemoteWebDriver.execute(RemoteWebDriver.java:569)\n\tat org.openqa.selenium.remote.RemoteWebElement.execute(RemoteWebElement.java:257)\n\tat org.openqa.selenium.remote.RemoteWebElement.click(RemoteWebElement.java:78)\n\tat sun.reflect.NativeMethodAccessorImpl.invoke0(Native Method)\n\tat sun.reflect.NativeMethodAccessorImpl.invoke(NativeMethodAccessorImpl.java:62)\n\tat sun.reflect.DelegatingMethodAccessorImpl.invoke(DelegatingMethodAccessorImpl.java:43)\n\tat java.lang.reflect.Method.invoke(Method.java:498)\n\tat org.openqa.selenium.support.pagefactory.internal.LocatingElementHandler.invoke(LocatingElementHandler.java:52)\n\tat com.sun.proxy.$Proxy26.click(Unknown Source)\n\tat Pages.Parent.clickFunction(Parent.java:31)\n\tat Pages.Locators.findAndClick(Locators.java:50)\n\tat StepDefinitions.DataTableSteps.userPressLoginButton(DataTableSteps.java:25)\n\tat ✽.User press login button(file:///Users/computer/IdeaProjects/SoftSkilCucumber/src/test/java/FeatureFiles/_2_DataTableLogin.feature:22)\n","duration":803000000,"status":"failed"},"line":22,"name":"User press login button","match":{"location":"StepDefinitions.DataTableSteps.userPressLoginButton(io.cucumber.datatable.DataTable)"},"rows":[{"cells":["loginButton"]},{"cells":["cooky"]}],"keyword":"And "},{"result":{"status":"skipped"},"line":26,"name":"User should not login","match":{"location":"StepDefinitions.LoginSteps.userShouldNotLogin()"},"keyword":"Then "}],"tags":[{"name":"@Regression"}]},{"line":3,"name":"","description":"","type":"background","keyword":"Background","steps":[{"result":{"duration":8938000000,"status":"passed"},"line":4,"name":"Navigate to CampusTechnoStudy","match":{"location":"StepDefinitions.LoginSteps.navigateToCampusTechnoStudy()"},"keyword":"Given "}]},{"start_timestamp":"2022-10-02T15:26:57.987Z","before":[{"result":{"duration":1000000,"status":"passed"},"match":{"location":"StepDefinitions.Hooks.before()"}}],"line":31,"name":"Login Failure with invalid username or password","description":"","id":"login-functionality;login-failure-with-invalid-username-or-password;;3","after":[{"result":{"duration":6080000000,"status":"passed"},"match":{"location":"StepDefinitions.Hooks.after(io.cucumber.java.Scenario)"}}],"type":"scenario","keyword":"Scenario Outline","steps":[{"result":{"duration":6265000000,"status":"passed"},"line":18,"name":"User sends username and password","match":{"location":"StepDefinitions.DataTableSteps.userSendsUsernameAndPassword(io.cucumber.datatable.DataTable)"},"rows":[{"cells":["username","hsyilmaz1979@gmail.com"]},{"cells":["password","hy308"]}],"keyword":"When "},{"result":{"duration":839000000,"status":"passed"},"line":22,"name":"User press login button","match":{"location":"StepDefinitions.DataTableSteps.userPressLoginButton(io.cucumber.datatable.DataTable)"},"rows":[{"cells":["loginButton"]},{"cells":["cooky"]}],"keyword":"And "},{"result":{"duration":57000000,"status":"passed"},"line":26,"name":"User should not login","match":{"location":"StepDefinitions.LoginSteps.userShouldNotLogin()"},"keyword":"Then "}],"tags":[{"name":"@Regression"}]},{"line":3,"name":"","description":"","type":"background","keyword":"Background","steps":[{"result":{"duration":14324000000,"status":"passed"},"line":4,"name":"Navigate to CampusTechnoStudy","match":{"location":"StepDefinitions.LoginSteps.navigateToCampusTechnoStudy()"},"keyword":"Given "}]},{"start_timestamp":"2022-10-02T15:27:20.182Z","before":[{"result":{"status":"passed"},"match":{"location":"StepDefinitions.Hooks.before()"}}],"line":32,"name":"Login Failure with invalid username or password","description":"","id":"login-functionality;login-failure-with-invalid-username-or-password;;4","after":[{"result":{"duration":5940000000,"status":"passed"},"match":{"location":"StepDefinitions.Hooks.after(io.cucumber.java.Scenario)"}}],"type":"scenario","keyword":"Scenario Outline","steps":[{"result":{"error_message":"org.openqa.selenium.TimeoutException: Expected condition failed: waiting for visibility of Proxy element for: DefaultElementLocator 'By.cssSelector: [data-placeholder='Kullanıcı Adı']' (tried for 30 second(s) with 500 milliseconds interval)\n\tat org.openqa.selenium.support.ui.WebDriverWait.timeoutException(WebDriverWait.java:87)\n\tat org.openqa.selenium.support.ui.FluentWait.until(FluentWait.java:231)\n\tat Pages.Parent.waitUntilVisible(Parent.java:18)\n\tat Pages.Parent.sendKeysFunction(Parent.java:34)\n\tat Pages.Locators.findAndSend(Locators.java:40)\n\tat StepDefinitions.DataTableSteps.userSendsUsernameAndPassword(DataTableSteps.java:18)\n\tat ✽.User sends username and password(file:///Users/computer/IdeaProjects/SoftSkilCucumber/src/test/java/FeatureFiles/_2_DataTableLogin.feature:18)\nCaused by: org.openqa.selenium.NoSuchElementException: Unable to locate element: [data-placeholder='Kullanıcı Adı']\nFor documentation on this error, please visit: https://selenium.dev/exceptions/#no_such_element\nBuild info: version: '4.3.0', revision: 'a4995e2c09*'\nSystem info: host: 'computers-MBP.modem.local', ip: '192.168.1.187', os.name: 'Mac OS X', os.arch: 'x86_64', os.version: '10.15.7', java.version: '1.8.0_331'\nDriver info: org.openqa.selenium.firefox.FirefoxDriver\nCommand: [89701221-dc39-4887-a036-665c802fb4c5, findElement {using=css selector, value=[data-placeholder='Kullanıcı Adı']}]\nCapabilities {acceptInsecureCerts: true, browserName: firefox, browserVersion: 104.0.2, moz:accessibilityChecks: false, moz:buildID: 20220902153754, moz:debuggerAddress: localhost:56268, moz:geckodriverVersion: 0.31.0, moz:headless: false, moz:platformVersion: 19.6.0, moz:processID: 6568, moz:profile: /var/folders/bw/vgwt5f2n3sx..., moz:shutdownTimeout: 60000, moz:useNonSpecCompliantPointerOrigin: false, moz:webdriverClick: true, moz:windowless: false, pageLoadStrategy: normal, platformName: MAC, proxy: Proxy(), se:cdp: ws://localhost:56268/devtoo..., se:cdpVersion: 85.0, setWindowRect: true, strictFileInteractability: false, timeouts: {implicit: 0, pageLoad: 300000, script: 30000}, unhandledPromptBehavior: dismiss and notify}\nSession ID: 89701221-dc39-4887-a036-665c802fb4c5\n\tat sun.reflect.GeneratedConstructorAccessor26.newInstance(Unknown Source)\n\tat sun.reflect.DelegatingConstructorAccessorImpl.newInstance(DelegatingConstructorAccessorImpl.java:45)\n\tat java.lang.reflect.Constructor.newInstance(Constructor.java:423)\n\tat org.openqa.selenium.remote.codec.w3c.W3CHttpResponseCodec.createException(W3CHttpResponseCodec.java:200)\n\tat org.openqa.selenium.remote.codec.w3c.W3CHttpResponseCodec.decode(W3CHttpResponseCodec.java:133)\n\tat org.openqa.selenium.remote.codec.w3c.W3CHttpResponseCodec.decode(W3CHttpResponseCodec.java:53)\n\tat org.openqa.selenium.remote.HttpCommandExecutor.execute(HttpCommandExecutor.java:184)\n\tat org.openqa.selenium.remote.service.DriverCommandExecutor.invokeExecute(DriverCommandExecutor.java:167)\n\tat org.openqa.selenium.remote.service.DriverCommandExecutor.execute(DriverCommandExecutor.java:142)\n\tat org.openqa.selenium.remote.RemoteWebDriver.execute(RemoteWebDriver.java:569)\n\tat org.openqa.selenium.remote.ElementLocation$ElementFinder$2.findElement(ElementLocation.java:162)\n\tat org.openqa.selenium.remote.ElementLocation.findElement(ElementLocation.java:60)\n\tat org.openqa.selenium.remote.RemoteWebDriver.findElement(RemoteWebDriver.java:387)\n\tat org.openqa.selenium.remote.RemoteWebDriver.findElement(RemoteWebDriver.java:379)\n\tat org.openqa.selenium.support.pagefactory.DefaultElementLocator.findElement(DefaultElementLocator.java:70)\n\tat org.openqa.selenium.support.pagefactory.internal.LocatingElementHandler.invoke(LocatingElementHandler.java:39)\n\tat com.sun.proxy.$Proxy26.isDisplayed(Unknown Source)\n\tat org.openqa.selenium.support.ui.ExpectedConditions.elementIfVisible(ExpectedConditions.java:307)\n\tat org.openqa.selenium.support.ui.ExpectedConditions.access$000(ExpectedConditions.java:40)\n\tat org.openqa.selenium.support.ui.ExpectedConditions$10.apply(ExpectedConditions.java:293)\n\tat org.openqa.selenium.support.ui.ExpectedConditions$10.apply(ExpectedConditions.java:290)\n\tat org.openqa.selenium.support.ui.FluentWait.until(FluentWait.java:208)\n\tat Pages.Parent.waitUntilVisible(Parent.java:18)\n\tat Pages.Parent.sendKeysFunction(Parent.java:34)\n\tat Pages.Locators.findAndSend(Locators.java:40)\n\tat StepDefinitions.DataTableSteps.userSendsUsernameAndPassword(DataTableSteps.java:18)\n\tat sun.reflect.NativeMethodAccessorImpl.invoke0(Native Method)\n\tat sun.reflect.NativeMethodAccessorImpl.invoke(NativeMethodAccessorImpl.java:62)\n\tat sun.reflect.DelegatingMethodAccessorImpl.invoke(DelegatingMethodAccessorImpl.java:43)\n\tat java.lang.reflect.Method.invoke(Method.java:498)\n\tat io.cucumber.java.Invoker.doInvoke(Invoker.java:66)\n\tat io.cucumber.java.Invoker.invoke(Invoker.java:24)\n\tat io.cucumber.java.AbstractGlueDefinition.invokeMethod(AbstractGlueDefinition.java:47)\n\tat io.cucumber.java.JavaStepDefinition.execute(JavaStepDefinition.java:29)\n\tat io.cucumber.core.runner.CoreStepDefinition.execute(CoreStepDefinition.java:66)\n\tat io.cucumber.core.runner.PickleStepDefinitionMatch.runStep(PickleStepDefinitionMatch.java:63)\n\tat io.cucumber.core.runner.ExecutionMode$1.execute(ExecutionMode.java:10)\n\tat io.cucumber.core.runner.TestStep.executeStep(TestStep.java:85)\n\tat io.cucumber.core.runner.TestStep.run(TestStep.java:57)\n\tat io.cucumber.core.runner.PickleStepTestStep.run(PickleStepTestStep.java:51)\n\tat io.cucumber.core.runner.TestCase.run(TestCase.java:84)\n\tat io.cucumber.core.runner.Runner.runPickle(Runner.java:75)\n\tat io.cucumber.testng.TestNGCucumberRunner.lambda$runScenario$1(TestNGCucumberRunner.java:132)\n\tat io.cucumber.core.runtime.CucumberExecutionContext.lambda$runTestCase$5(CucumberExecutionContext.java:129)\n\tat io.cucumber.core.runtime.RethrowingThrowableCollector.executeAndThrow(RethrowingThrowableCollector.java:23)\n\tat io.cucumber.core.runtime.CucumberExecutionContext.runTestCase(CucumberExecutionContext.java:129)\n\tat io.cucumber.testng.TestNGCucumberRunner.runScenario(TestNGCucumberRunner.java:129)\n\tat io.cucumber.testng.AbstractTestNGCucumberTests.runScenario(AbstractTestNGCucumberTests.java:35)\n\tat sun.reflect.NativeMethodAccessorImpl.invoke0(Native Method)\n\tat sun.reflect.NativeMethodAccessorImpl.invoke(NativeMethodAccessorImpl.java:62)\n\tat sun.reflect.DelegatingMethodAccessorImpl.invoke(DelegatingMethodAccessorImpl.java:43)\n\tat java.lang.reflect.Method.invoke(Method.java:498)\n\tat org.testng.internal.MethodInvocationHelper.invokeMethod(MethodInvocationHelper.java:84)\n\tat org.testng.internal.Invoker.invokeMethod(Invoker.java:714)\n\tat org.testng.internal.Invoker.invokeTestMethod(Invoker.java:901)\n\tat org.testng.internal.Invoker.invokeTestMethods(Invoker.java:1231)\n\tat org.testng.internal.TestMethodWorker.invokeTestMethods(TestMethodWorker.java:127)\n\tat org.testng.internal.TestMethodWorker.run(TestMethodWorker.java:111)\n\tat org.testng.TestRunner.privateRun(TestRunner.java:767)\n\tat org.testng.TestRunner.run(TestRunner.java:617)\n\tat org.testng.SuiteRunner.runTest(SuiteRunner.java:334)\n\tat org.testng.SuiteRunner.access$000(SuiteRunner.java:37)\n\tat org.testng.SuiteRunner$SuiteWorker.run(SuiteRunner.java:368)\n\tat org.testng.internal.thread.ThreadUtil$2.call(ThreadUtil.java:64)\n\tat java.util.concurrent.FutureTask.run(FutureTask.java:266)\n\tat java.util.concurrent.ThreadPoolExecutor.runWorker(ThreadPoolExecutor.java:1149)\n\tat java.util.concurrent.ThreadPoolExecutor$Worker.run(ThreadPoolExecutor.java:624)\n\tat java.lang.Thread.run(Thread.java:750)\n","duration":30095000000,"status":"failed"},"line":18,"name":"User sends username and password","match":{"location":"StepDefinitions.DataTableSteps.userSendsUsernameAndPassword(io.cucumber.datatable.DataTable)"},"rows":[{"cells":["username","mailman@Hotmail.com"]},{"cells":["password","Hy333"]}],"keyword":"When "},{"result":{"duration":1000000,"status":"skipped"},"line":22,"name":"User press login button","match":{"location":"StepDefinitions.DataTableSteps.userPressLoginButton(io.cucumber.datatable.DataTable)"},"rows":[{"cells":["loginButton"]},{"cells":["cooky"]}],"keyword":"And "},{"result":{"status":"skipped"},"line":26,"name":"User should not login","match":{"location":"StepDefinitions.LoginSteps.userShouldNotLogin()"},"keyword":"Then "}],"tags":[{"name":"@Regression"}]}],"name":"Login Functionality","description":"","id":"login-functionality","keyword":"Feature","uri":"file:src/test/java/FeatureFiles/_2_DataTableLogin.feature","tags":[]}]