<html>
<head>
<title>TestNG:  Test 1</title>
<link href="../testng.css" rel="stylesheet" type="text/css" />
<link href="../my-testng.css" rel="stylesheet" type="text/css" />

<style type="text/css">
.log { display: none;} 
.stack-trace { display: none;} 
</style>
<script type="text/javascript">
<!--
function flip(e) {
  current = e.style.display;
  if (current == 'block') {
    e.style.display = 'none';
    return 0;
  }
  else {
    e.style.display = 'block';
    return 1;
  }
}

function toggleBox(szDivId, elem, msg1, msg2)
{
  var res = -1;  if (document.getElementById) {
    res = flip(document.getElementById(szDivId));
  }
  else if (document.all) {
    // this is the way old msie versions work
    res = flip(document.all[szDivId]);
  }
  if(elem) {
    if(res == 0) elem.innerHTML = msg1; else elem.innerHTML = msg2;
  }

}

function toggleAllBoxes() {
  if (document.getElementsByTagName) {
    d = document.getElementsByTagName('div');
    for (i = 0; i < d.length; i++) {
      if (d[i].className == 'log') {
        flip(d[i]);
      }
    }
  }
}

// -->
</script>

</head>
<body>
<h2 align='center'>Test 1</h2><table border='1' align="center">
<tr>
<td>Tests passed/Failed/Skipped:</td><td>0/3/0</td>
</tr><tr>
<td>Started on:</td><td>Wed Nov 02 12:48:34 EET 2022</td>
</tr>
<tr><td>Total time:</td><td>130 seconds (130616 ms)</td>
</tr><tr>
<td>Included groups:</td><td></td>
</tr><tr>
<td>Excluded groups:</td><td></td>
</tr>
</table><p/>
<small><i>(Hover the method name to see the test class name)</i></small><p/>
<table width='100%' border='1' class='invocation-failed'>
<tr><td colspan='4' align='center'><b>FAILED TESTS</b></td></tr>
<tr><td><b>Test method</b></td>
<td width="30%"><b>Exception</b></td>
<td width="10%"><b>Time (seconds)</b></td>
<td><b>Instance</b></td>
</tr>
<tr>
<td title='Runners._08_TestRunnerParallel_MasterReport.runScenario()'><b>runScenario</b><br>Test class: Runners._08_TestRunnerParallel_MasterReport<br>Test method: Runs Cucumber Scenarios<br>Parameters: "Login Failure with invalid username or password", "Login Functionality"</td>
<td><div><pre>org.apache.poi.EmptyFileException: The supplied file was empty (zero bytes long)
	at org.apache.poi.util.IOUtils.peekFirstNBytes(IOUtils.java:83)
	at org.apache.poi.util.IOUtils.peekFirst8Bytes(IOUtils.java:66)
	at org.apache.poi.poifs.filesystem.FileMagic.valueOf(FileMagic.java:171)
	at org.apache.poi.ss.usermodel.WorkbookFactory.create(WorkbookFactory.java:225)
	at org.apache.poi.ss.usermodel.WorkbookFactory.create(WorkbookFactory.java:198)
	at Utilities.ExcelUtility.writeExcel(ExcelUtility.java:81)
	at StepDefinitions.Hooks.after(Hooks.java:36)
</pre></div><a href='#' onClick='toggleBox("stack-trace2128102990", this, "Click to show all stack frames", "Click to hide stack frames")'>Click to show all stack frames</a>
<div class='stack-trace' id='stack-trace2128102990'><pre>org.apache.poi.EmptyFileException: The supplied file was empty (zero bytes long)
	at org.apache.poi.util.IOUtils.peekFirstNBytes(IOUtils.java:83)
	at org.apache.poi.util.IOUtils.peekFirst8Bytes(IOUtils.java:66)
	at org.apache.poi.poifs.filesystem.FileMagic.valueOf(FileMagic.java:171)
	at org.apache.poi.ss.usermodel.WorkbookFactory.create(WorkbookFactory.java:225)
	at org.apache.poi.ss.usermodel.WorkbookFactory.create(WorkbookFactory.java:198)
	at Utilities.ExcelUtility.writeExcel(ExcelUtility.java:81)
	at StepDefinitions.Hooks.after(Hooks.java:36)
</pre></div></td>
<td>44</td>
<td>Runners._08_TestRunnerParallel_MasterReport@31a5c39e</td></tr>
<tr>
<td title='Runners._08_TestRunnerParallel_MasterReport.runScenario()'><b>runScenario</b><br>Test class: Runners._08_TestRunnerParallel_MasterReport<br>Test method: Runs Cucumber Scenarios<br>Parameters: "Login Failure with invalid username or password", "Login Functionality"</td>
<td><div><pre>org.openqa.selenium.TimeoutException: Expected condition failed: waiting for element to be clickable: [[FirefoxDriver: firefox on MAC (ba5a4356-0042-42a7-aa68-ca39af361d7a)] -&gt; xpath: //button[text()=&apos;Accept all cookies&apos;]] (tried for 30 second(s) with 500 milliseconds interval)
Build info: version: &apos;4.3.0&apos;, revision: &apos;a4995e2c09*&apos;
System info: host: &apos;computers-MBP.modem.local&apos;, ip: &apos;192.168.1.187&apos;, os.name: &apos;Mac OS X&apos;, os.arch: &apos;x86_64&apos;, os.version: &apos;10.15.7&apos;, java.version: &apos;1.8.0_331&apos;
Driver info: org.openqa.selenium.firefox.FirefoxDriver
Capabilities {acceptInsecureCerts: true, browserName: firefox, browserVersion: 104.0.2, moz:accessibilityChecks: false, moz:buildID: 20220902153754, moz:debuggerAddress: localhost:50936, moz:geckodriverVersion: 0.31.0, moz:headless: false, moz:platformVersion: 19.6.0, moz:processID: 7228, moz:profile: /var/folders/bw/vgwt5f2n3sx..., moz:shutdownTimeout: 60000, moz:useNonSpecCompliantPointerOrigin: false, moz:webdriverClick: true, moz:windowless: false, pageLoadStrategy: normal, platformName: MAC, proxy: Proxy(), se:cdp: ws://localhost:50936/devtoo..., se:cdpVersion: 85.0, setWindowRect: true, strictFileInteractability: false, timeouts: {implicit: 0, pageLoad: 300000, script: 30000}, unhandledPromptBehavior: dismiss and notify}
Session ID: ba5a4356-0042-42a7-aa68-ca39af361d7a
	at org.openqa.selenium.support.ui.WebDriverWait.timeoutException(WebDriverWait.java:87)
	at org.openqa.selenium.support.ui.FluentWait.until(FluentWait.java:231)
	at Pages.Parent.waitUntilClickable(Parent.java:21)
	at Pages.Parent.clickFunction(Parent.java:29)
	at Pages.Locators.findAndClick(Locators.java:50)
	at StepDefinitions.DataTableSteps.userPressLoginButton(DataTableSteps.java:28)
	at ✽.User press login button(file:///Users/computer/Documents/TECH.%20STUDY/IdeaProjects/SoftSkilCucumber/src/test/java/FeatureFiles/_2_DataTableLogin.feature:23)
</pre></div><a href='#' onClick='toggleBox("stack-trace1776553495", this, "Click to show all stack frames", "Click to hide stack frames")'>Click to show all stack frames</a>
<div class='stack-trace' id='stack-trace1776553495'><pre>org.openqa.selenium.TimeoutException: Expected condition failed: waiting for element to be clickable: [[FirefoxDriver: firefox on MAC (ba5a4356-0042-42a7-aa68-ca39af361d7a)] -&gt; xpath: //button[text()=&apos;Accept all cookies&apos;]] (tried for 30 second(s) with 500 milliseconds interval)
Build info: version: &apos;4.3.0&apos;, revision: &apos;a4995e2c09*&apos;
System info: host: &apos;computers-MBP.modem.local&apos;, ip: &apos;192.168.1.187&apos;, os.name: &apos;Mac OS X&apos;, os.arch: &apos;x86_64&apos;, os.version: &apos;10.15.7&apos;, java.version: &apos;1.8.0_331&apos;
Driver info: org.openqa.selenium.firefox.FirefoxDriver
Capabilities {acceptInsecureCerts: true, browserName: firefox, browserVersion: 104.0.2, moz:accessibilityChecks: false, moz:buildID: 20220902153754, moz:debuggerAddress: localhost:50936, moz:geckodriverVersion: 0.31.0, moz:headless: false, moz:platformVersion: 19.6.0, moz:processID: 7228, moz:profile: /var/folders/bw/vgwt5f2n3sx..., moz:shutdownTimeout: 60000, moz:useNonSpecCompliantPointerOrigin: false, moz:webdriverClick: true, moz:windowless: false, pageLoadStrategy: normal, platformName: MAC, proxy: Proxy(), se:cdp: ws://localhost:50936/devtoo..., se:cdpVersion: 85.0, setWindowRect: true, strictFileInteractability: false, timeouts: {implicit: 0, pageLoad: 300000, script: 30000}, unhandledPromptBehavior: dismiss and notify}
Session ID: ba5a4356-0042-42a7-aa68-ca39af361d7a
	at org.openqa.selenium.support.ui.WebDriverWait.timeoutException(WebDriverWait.java:87)
	at org.openqa.selenium.support.ui.FluentWait.until(FluentWait.java:231)
	at Pages.Parent.waitUntilClickable(Parent.java:21)
	at Pages.Parent.clickFunction(Parent.java:29)
	at Pages.Locators.findAndClick(Locators.java:50)
	at StepDefinitions.DataTableSteps.userPressLoginButton(DataTableSteps.java:28)
	at ✽.User press login button(file:///Users/computer/Documents/TECH.%20STUDY/IdeaProjects/SoftSkilCucumber/src/test/java/FeatureFiles/_2_DataTableLogin.feature:23)
</pre></div></td>
<td>33</td>
<td>Runners._08_TestRunnerParallel_MasterReport@31a5c39e</td></tr>
<tr>
<td title='Runners._08_TestRunnerParallel_MasterReport.runScenario()'><b>runScenario</b><br>Test class: Runners._08_TestRunnerParallel_MasterReport<br>Test method: Runs Cucumber Scenarios<br>Parameters: "Login Failure with invalid username or password", "Login Functionality"</td>
<td><div><pre>org.openqa.selenium.TimeoutException: Expected condition failed: waiting for element to be clickable: [[FirefoxDriver: firefox on MAC (ba5a4356-0042-42a7-aa68-ca39af361d7a)] -&gt; xpath: //button[text()=&apos;Accept all cookies&apos;]] (tried for 30 second(s) with 500 milliseconds interval)
Build info: version: &apos;4.3.0&apos;, revision: &apos;a4995e2c09*&apos;
System info: host: &apos;computers-MBP.modem.local&apos;, ip: &apos;192.168.1.187&apos;, os.name: &apos;Mac OS X&apos;, os.arch: &apos;x86_64&apos;, os.version: &apos;10.15.7&apos;, java.version: &apos;1.8.0_331&apos;
Driver info: org.openqa.selenium.firefox.FirefoxDriver
Capabilities {acceptInsecureCerts: true, browserName: firefox, browserVersion: 104.0.2, moz:accessibilityChecks: false, moz:buildID: 20220902153754, moz:debuggerAddress: localhost:50936, moz:geckodriverVersion: 0.31.0, moz:headless: false, moz:platformVersion: 19.6.0, moz:processID: 7228, moz:profile: /var/folders/bw/vgwt5f2n3sx..., moz:shutdownTimeout: 60000, moz:useNonSpecCompliantPointerOrigin: false, moz:webdriverClick: true, moz:windowless: false, pageLoadStrategy: normal, platformName: MAC, proxy: Proxy(), se:cdp: ws://localhost:50936/devtoo..., se:cdpVersion: 85.0, setWindowRect: true, strictFileInteractability: false, timeouts: {implicit: 0, pageLoad: 300000, script: 30000}, unhandledPromptBehavior: dismiss and notify}
Session ID: ba5a4356-0042-42a7-aa68-ca39af361d7a
	at org.openqa.selenium.support.ui.WebDriverWait.timeoutException(WebDriverWait.java:87)
	at org.openqa.selenium.support.ui.FluentWait.until(FluentWait.java:231)
	at Pages.Parent.waitUntilClickable(Parent.java:21)
	at Pages.Parent.clickFunction(Parent.java:29)
	at Pages.Locators.findAndClick(Locators.java:50)
	at StepDefinitions.DataTableSteps.userPressLoginButton(DataTableSteps.java:28)
	at ✽.User press login button(file:///Users/computer/Documents/TECH.%20STUDY/IdeaProjects/SoftSkilCucumber/src/test/java/FeatureFiles/_2_DataTableLogin.feature:23)
</pre></div><a href='#' onClick='toggleBox("stack-trace521908748", this, "Click to show all stack frames", "Click to hide stack frames")'>Click to show all stack frames</a>
<div class='stack-trace' id='stack-trace521908748'><pre>org.openqa.selenium.TimeoutException: Expected condition failed: waiting for element to be clickable: [[FirefoxDriver: firefox on MAC (ba5a4356-0042-42a7-aa68-ca39af361d7a)] -&gt; xpath: //button[text()=&apos;Accept all cookies&apos;]] (tried for 30 second(s) with 500 milliseconds interval)
Build info: version: &apos;4.3.0&apos;, revision: &apos;a4995e2c09*&apos;
System info: host: &apos;computers-MBP.modem.local&apos;, ip: &apos;192.168.1.187&apos;, os.name: &apos;Mac OS X&apos;, os.arch: &apos;x86_64&apos;, os.version: &apos;10.15.7&apos;, java.version: &apos;1.8.0_331&apos;
Driver info: org.openqa.selenium.firefox.FirefoxDriver
Capabilities {acceptInsecureCerts: true, browserName: firefox, browserVersion: 104.0.2, moz:accessibilityChecks: false, moz:buildID: 20220902153754, moz:debuggerAddress: localhost:50936, moz:geckodriverVersion: 0.31.0, moz:headless: false, moz:platformVersion: 19.6.0, moz:processID: 7228, moz:profile: /var/folders/bw/vgwt5f2n3sx..., moz:shutdownTimeout: 60000, moz:useNonSpecCompliantPointerOrigin: false, moz:webdriverClick: true, moz:windowless: false, pageLoadStrategy: normal, platformName: MAC, proxy: Proxy(), se:cdp: ws://localhost:50936/devtoo..., se:cdpVersion: 85.0, setWindowRect: true, strictFileInteractability: false, timeouts: {implicit: 0, pageLoad: 300000, script: 30000}, unhandledPromptBehavior: dismiss and notify}
Session ID: ba5a4356-0042-42a7-aa68-ca39af361d7a
	at org.openqa.selenium.support.ui.WebDriverWait.timeoutException(WebDriverWait.java:87)
	at org.openqa.selenium.support.ui.FluentWait.until(FluentWait.java:231)
	at Pages.Parent.waitUntilClickable(Parent.java:21)
	at Pages.Parent.clickFunction(Parent.java:29)
	at Pages.Locators.findAndClick(Locators.java:50)
	at StepDefinitions.DataTableSteps.userPressLoginButton(DataTableSteps.java:28)
	at ✽.User press login button(file:///Users/computer/Documents/TECH.%20STUDY/IdeaProjects/SoftSkilCucumber/src/test/java/FeatureFiles/_2_DataTableLogin.feature:23)
</pre></div></td>
<td>50</td>
<td>Runners._08_TestRunnerParallel_MasterReport@31a5c39e</td></tr>
</table><p>
</body>
</html>