<?xml version="1.0" encoding="UTF-8"?>
<!-- Generated by org.testng.reporters.JUnitXMLReporter -->
<testsuite hostname="computers-MBP.modem.local" name="Test 1" tests="3" failures="3" timestamp="2 Nov 2022 09:50:45 GMT" time="130.616" errors="0">
  <testcase name="runScenario" time="44.647" classname="Runners._08_TestRunnerParallel_MasterReport">
    <failure type="org.apache.poi.EmptyFileException" message="The supplied file was empty (zero bytes long)">
      <![CDATA[org.apache.poi.EmptyFileException: The supplied file was empty (zero bytes long)
	at org.apache.poi.util.IOUtils.peekFirstNBytes(IOUtils.java:83)
	at org.apache.poi.util.IOUtils.peekFirst8Bytes(IOUtils.java:66)
	at org.apache.poi.poifs.filesystem.FileMagic.valueOf(FileMagic.java:171)
	at org.apache.poi.ss.usermodel.WorkbookFactory.create(WorkbookFactory.java:225)
	at org.apache.poi.ss.usermodel.WorkbookFactory.create(WorkbookFactory.java:198)
	at Utilities.ExcelUtility.writeExcel(ExcelUtility.java:81)
	at StepDefinitions.Hooks.after(Hooks.java:36)
]]>
    </failure>
  </testcase> <!-- runScenario -->
  <testcase name="runScenario" time="33.896" classname="Runners._08_TestRunnerParallel_MasterReport">
    <failure type="org.openqa.selenium.TimeoutException" message="Expected condition failed: waiting for element to be clickable: [[FirefoxDriver: firefox on MAC (ba5a4356-0042-42a7-aa68-ca39af361d7a)] -&amp;gt; xpath: //button[text()=&amp;apos;Accept all cookies&amp;apos;]] (tried for 30 second(s) with 500 milliseconds interval)
Build info: version: &amp;apos;4.3.0&amp;apos;, revision: &amp;apos;a4995e2c09*&amp;apos;
System info: host: &amp;apos;computers-MBP.modem.local&amp;apos;, ip: &amp;apos;192.168.1.187&amp;apos;, os.name: &amp;apos;Mac OS X&amp;apos;, os.arch: &amp;apos;x86_64&amp;apos;, os.version: &amp;apos;10.15.7&amp;apos;, java.version: &amp;apos;1.8.0_331&amp;apos;
Driver info: org.openqa.selenium.firefox.FirefoxDriver
Capabilities {acceptInsecureCerts: true, browserName: firefox, browserVersion: 104.0.2, moz:accessibilityChecks: false, moz:buildID: 20220902153754, moz:debuggerAddress: localhost:50936, moz:geckodriverVersion: 0.31.0, moz:headless: false, moz:platformVersion: 19.6.0, moz:processID: 7228, moz:profile: /var/folders/bw/vgwt5f2n3sx..., moz:shutdownTimeout: 60000, moz:useNonSpecCompliantPointerOrigin: false, moz:webdriverClick: true, moz:windowless: false, pageLoadStrategy: normal, platformName: MAC, proxy: Proxy(), se:cdp: ws://localhost:50936/devtoo..., se:cdpVersion: 85.0, setWindowRect: true, strictFileInteractability: false, timeouts: {implicit: 0, pageLoad: 300000, script: 30000}, unhandledPromptBehavior: dismiss and notify}
Session ID: ba5a4356-0042-42a7-aa68-ca39af361d7a">
      <![CDATA[org.openqa.selenium.TimeoutException: Expected condition failed: waiting for element to be clickable: [[FirefoxDriver: firefox on MAC (ba5a4356-0042-42a7-aa68-ca39af361d7a)] -> xpath: //button[text()='Accept all cookies']] (tried for 30 second(s) with 500 milliseconds interval)
Build info: version: '4.3.0', revision: 'a4995e2c09*'
System info: host: 'computers-MBP.modem.local', ip: '192.168.1.187', os.name: 'Mac OS X', os.arch: 'x86_64', os.version: '10.15.7', java.version: '1.8.0_331'
Driver info: org.openqa.selenium.firefox.FirefoxDriver
Capabilities {acceptInsecureCerts: true, browserName: firefox, browserVersion: 104.0.2, moz:accessibilityChecks: false, moz:buildID: 20220902153754, moz:debuggerAddress: localhost:50936, moz:geckodriverVersion: 0.31.0, moz:headless: false, moz:platformVersion: 19.6.0, moz:processID: 7228, moz:profile: /var/folders/bw/vgwt5f2n3sx..., moz:shutdownTimeout: 60000, moz:useNonSpecCompliantPointerOrigin: false, moz:webdriverClick: true, moz:windowless: false, pageLoadStrategy: normal, platformName: MAC, proxy: Proxy(), se:cdp: ws://localhost:50936/devtoo..., se:cdpVersion: 85.0, setWindowRect: true, strictFileInteractability: false, timeouts: {implicit: 0, pageLoad: 300000, script: 30000}, unhandledPromptBehavior: dismiss and notify}
Session ID: ba5a4356-0042-42a7-aa68-ca39af361d7a
	at org.openqa.selenium.support.ui.WebDriverWait.timeoutException(WebDriverWait.java:87)
	at org.openqa.selenium.support.ui.FluentWait.until(FluentWait.java:231)
	at Pages.Parent.waitUntilClickable(Parent.java:21)
	at Pages.Parent.clickFunction(Parent.java:29)
	at Pages.Locators.findAndClick(Locators.java:50)
	at StepDefinitions.DataTableSteps.userPressLoginButton(DataTableSteps.java:28)
	at ✽.User press login button(file:///Users/computer/Documents/TECH.%20STUDY/IdeaProjects/SoftSkilCucumber/src/test/java/FeatureFiles/_2_DataTableLogin.feature:23)
]]>
    </failure>
  </testcase> <!-- runScenario -->
  <testcase name="runScenario" time="50.747" classname="Runners._08_TestRunnerParallel_MasterReport">
    <failure type="org.openqa.selenium.TimeoutException" message="Expected condition failed: waiting for element to be clickable: [[FirefoxDriver: firefox on MAC (ba5a4356-0042-42a7-aa68-ca39af361d7a)] -&amp;gt; xpath: //button[text()=&amp;apos;Accept all cookies&amp;apos;]] (tried for 30 second(s) with 500 milliseconds interval)
Build info: version: &amp;apos;4.3.0&amp;apos;, revision: &amp;apos;a4995e2c09*&amp;apos;
System info: host: &amp;apos;computers-MBP.modem.local&amp;apos;, ip: &amp;apos;192.168.1.187&amp;apos;, os.name: &amp;apos;Mac OS X&amp;apos;, os.arch: &amp;apos;x86_64&amp;apos;, os.version: &amp;apos;10.15.7&amp;apos;, java.version: &amp;apos;1.8.0_331&amp;apos;
Driver info: org.openqa.selenium.firefox.FirefoxDriver
Capabilities {acceptInsecureCerts: true, browserName: firefox, browserVersion: 104.0.2, moz:accessibilityChecks: false, moz:buildID: 20220902153754, moz:debuggerAddress: localhost:50936, moz:geckodriverVersion: 0.31.0, moz:headless: false, moz:platformVersion: 19.6.0, moz:processID: 7228, moz:profile: /var/folders/bw/vgwt5f2n3sx..., moz:shutdownTimeout: 60000, moz:useNonSpecCompliantPointerOrigin: false, moz:webdriverClick: true, moz:windowless: false, pageLoadStrategy: normal, platformName: MAC, proxy: Proxy(), se:cdp: ws://localhost:50936/devtoo..., se:cdpVersion: 85.0, setWindowRect: true, strictFileInteractability: false, timeouts: {implicit: 0, pageLoad: 300000, script: 30000}, unhandledPromptBehavior: dismiss and notify}
Session ID: ba5a4356-0042-42a7-aa68-ca39af361d7a">
      <![CDATA[org.openqa.selenium.TimeoutException: Expected condition failed: waiting for element to be clickable: [[FirefoxDriver: firefox on MAC (ba5a4356-0042-42a7-aa68-ca39af361d7a)] -> xpath: //button[text()='Accept all cookies']] (tried for 30 second(s) with 500 milliseconds interval)
Build info: version: '4.3.0', revision: 'a4995e2c09*'
System info: host: 'computers-MBP.modem.local', ip: '192.168.1.187', os.name: 'Mac OS X', os.arch: 'x86_64', os.version: '10.15.7', java.version: '1.8.0_331'
Driver info: org.openqa.selenium.firefox.FirefoxDriver
Capabilities {acceptInsecureCerts: true, browserName: firefox, browserVersion: 104.0.2, moz:accessibilityChecks: false, moz:buildID: 20220902153754, moz:debuggerAddress: localhost:50936, moz:geckodriverVersion: 0.31.0, moz:headless: false, moz:platformVersion: 19.6.0, moz:processID: 7228, moz:profile: /var/folders/bw/vgwt5f2n3sx..., moz:shutdownTimeout: 60000, moz:useNonSpecCompliantPointerOrigin: false, moz:webdriverClick: true, moz:windowless: false, pageLoadStrategy: normal, platformName: MAC, proxy: Proxy(), se:cdp: ws://localhost:50936/devtoo..., se:cdpVersion: 85.0, setWindowRect: true, strictFileInteractability: false, timeouts: {implicit: 0, pageLoad: 300000, script: 30000}, unhandledPromptBehavior: dismiss and notify}
Session ID: ba5a4356-0042-42a7-aa68-ca39af361d7a
	at org.openqa.selenium.support.ui.WebDriverWait.timeoutException(WebDriverWait.java:87)
	at org.openqa.selenium.support.ui.FluentWait.until(FluentWait.java:231)
	at Pages.Parent.waitUntilClickable(Parent.java:21)
	at Pages.Parent.clickFunction(Parent.java:29)
	at Pages.Locators.findAndClick(Locators.java:50)
	at StepDefinitions.DataTableSteps.userPressLoginButton(DataTableSteps.java:28)
	at ✽.User press login button(file:///Users/computer/Documents/TECH.%20STUDY/IdeaProjects/SoftSkilCucumber/src/test/java/FeatureFiles/_2_DataTableLogin.feature:23)
]]>
    </failure>
  </testcase> <!-- runScenario -->
</testsuite> <!-- Test 1 -->
